0 info it worked if it ends with ok
1 verbose cli [ '/usr/bin/nodejs', '/usr/bin/npm', 'install', '-g', 'n' ]
2 info using npm@3.5.2
3 info using node@v4.2.6
4 silly loadCurrentTree Starting
5 silly install loadCurrentTree
6 silly install readGlobalPackageData
7 silly fetchPackageMetaData n
8 silly fetchNamedPackageData n
9 silly mapToRegistry name n
10 silly mapToRegistry using default registry
11 silly mapToRegistry registry http://registry.npm.taobao.org/
12 silly mapToRegistry uri http://registry.npm.taobao.org/n
13 verbose request uri http://registry.npm.taobao.org/n
14 verbose request no auth needed
15 info attempt registry request try #1 at 上午1:57:18
16 verbose request id 6acdf25ec95491af
17 verbose etag "17b15-CUwNY5nLIpgILYO/Jo+uuL4kMkg"
18 http request GET http://registry.npm.taobao.org/n
19 http 304 http://registry.npm.taobao.org/n
20 verbose headers { server: 'nginx/1.4.6 (Ubuntu)',
20 verbose headers   date: 'Tue, 18 Sep 2018 08:57:19 GMT',
20 verbose headers   connection: 'close',
20 verbose headers   'x-current-requests': '1',
20 verbose headers   vary: 'Origin',
20 verbose headers   etag: '"17b15-CUwNY5nLIpgILYO/Jo+uuL4kMkg"',
20 verbose headers   'x-readtime': '109' }
21 silly get cb [ 304,
21 silly get   { server: 'nginx/1.4.6 (Ubuntu)',
21 silly get     date: 'Tue, 18 Sep 2018 08:57:19 GMT',
21 silly get     connection: 'close',
21 silly get     'x-current-requests': '1',
21 silly get     vary: 'Origin',
21 silly get     etag: '"17b15-CUwNY5nLIpgILYO/Jo+uuL4kMkg"',
21 silly get     'x-readtime': '109' } ]
22 verbose etag http://registry.npm.taobao.org/n from cache
23 verbose get saving n to /home/zbc/.npm/registry.npm.taobao.org/n/.cache.json
24 silly install normalizeTree
25 silly loadCurrentTree Finishing
26 silly loadIdealTree Starting
27 silly install loadIdealTree
28 silly cloneCurrentTree Starting
29 silly install cloneCurrentTreeToIdealTree
30 silly cloneCurrentTree Finishing
31 silly loadShrinkwrap Starting
32 silly install loadShrinkwrap
33 silly loadShrinkwrap Finishing
34 silly loadAllDepsIntoIdealTree Starting
35 silly install loadAllDepsIntoIdealTree
36 silly resolveWithNewModule n@2.1.12 checking installable status
37 silly cache add args [ 'n', null ]
38 verbose cache add spec n
39 silly cache add parsed spec Result {
39 silly cache add   raw: 'n',
39 silly cache add   scope: null,
39 silly cache add   name: 'n',
39 silly cache add   rawSpec: '',
39 silly cache add   spec: 'latest',
39 silly cache add   type: 'tag' }
40 silly addNamed n@latest
41 verbose addNamed "latest" is being treated as a dist-tag for n
42 info addNameTag [ 'n', 'latest' ]
43 silly mapToRegistry name n
44 silly mapToRegistry using default registry
45 silly mapToRegistry registry http://registry.npm.taobao.org/
46 silly mapToRegistry uri http://registry.npm.taobao.org/n
47 verbose addNameTag registry:http://registry.npm.taobao.org/n not in flight; fetching
48 verbose get http://registry.npm.taobao.org/n not expired, no request
49 silly addNameTag next cb for n with tag latest
50 silly addNamed n@2.1.12
51 verbose addNamed "2.1.12" is a plain semver version for n
52 silly cache afterAdd n@2.1.12
53 verbose afterAdd /home/zbc/.npm/n/2.1.12/package/package.json not in flight; writing
54 verbose afterAdd /home/zbc/.npm/n/2.1.12/package/package.json written
55 silly loadAllDepsIntoIdealTree Finishing
56 silly idealTree:prePrune lib
56 silly idealTree:prePrune └── n@2.1.12
57 silly loadIdealTree Finishing
58 silly currentTree lib
59 silly idealTree lib
59 silly idealTree └── n@2.1.12
60 silly generateActionsToTake Starting
61 silly install generateActionsToTake
62 warn checkPermissions Missing write access to /usr/local/lib/node_modules
63 silly rollbackFailedOptional Starting
64 silly rollbackFailedOptional Finishing
65 silly runTopLevelLifecycles Starting
66 silly runTopLevelLifecycles Finishing
67 silly install printInstalled
68 verbose stack Error: EACCES: permission denied, access '/usr/local/lib/node_modules'
68 verbose stack     at Error (native)
69 verbose cwd /home/zbc/Desktop/timebank
70 error Linux 4.10.0-28-generic
71 error argv "/usr/bin/nodejs" "/usr/bin/npm" "install" "-g" "n"
72 error node v4.2.6
73 error npm  v3.5.2
74 error path /usr/local/lib/node_modules
75 error code EACCES
76 error errno -13
77 error syscall access
78 error Error: EACCES: permission denied, access '/usr/local/lib/node_modules'
78 error     at Error (native)
78 error  { [Error: EACCES: permission denied, access '/usr/local/lib/node_modules']
78 error   errno: -13,
78 error   code: 'EACCES',
78 error   syscall: 'access',
78 error   path: '/usr/local/lib/node_modules' }
79 error Please try running this command again as root/Administrator.
80 verbose exit [ -13, true ]
